2006.03.20 23:57 B C:\Documents and Settings\manufactura\Pulpit\template\ttt\xandred\images\lang_polish\icon_aim.gif --> manufactura.home.pl /p-pl/templates/xandred/images/lang_polish icon_aim.gif
2006.03.20 23:57 B C:\Documents and Settings\manufactura\Pulpit\template\ttt\xandred\images\lang_polish\icon_edit.gif --> manufactura.home.pl /p-pl/templates/xandred/images/lang_polish icon_edit.gif
2006.03.20 23:57 B C:\Documents and Settings\manufactura\Pulpit\template\ttt\xandred\images\lang_polish\icon_email.gif --> manufactura.home.pl /p-pl/templates/xandred/images/lang_polish icon_email.gif
2006.03.20 23:57 B C:\Documents and Settings\manufactura\Pulpit\template\ttt\xandred\images\lang_polish\icon_icq_add.gif --> manufactura.home.pl /p-pl/templates/xandred/images/lang_polish icon_icq_add.gif
2006.03.20 23:57 B C:\Documents and Settings\manufactura\Pulpit\template\ttt\xandred\images\lang_polish\icon_ignore.gif --> manufactura.home.pl /p-pl/templates/xandred/images/lang_polish icon_ignore.gif
2006.03.20 23:57 B C:\Documents and Settings\manufactura\Pulpit\template\ttt\xandred\images\lang_polish\icon_ip.gif --> manufactura.home.pl /p-pl/templates/xandred/images/lang_polish icon_ip.gif
2006.03.20 23:57 B C:\Documents and Settings\manufactura\Pulpit\template\ttt\xandred\images\lang_polish\icon_msnm.gif --> manufactura.home.pl /p-pl/templates/xandred/images/lang_polish icon_msnm.gif
2006.03.20 23:57 B C:\Documents and Settings\manufactura\Pulpit\template\ttt\xandred\images\lang_polish\icon_pm.gif --> manufactura.home.pl /p-pl/templates/xandred/images/lang_polish icon_pm.gif
2006.03.20 23:57 B C:\Documents and Settings\manufactura\Pulpit\template\ttt\xandred\images\lang_polish\icon_profile.gif --> manufactura.home.pl /p-pl/templates/xandred/images/lang_polish icon_profile.gif
2006.03.20 23:57 B C:\Documents and Settings\manufactura\Pulpit\template\ttt\xandred\images\lang_polish\icon_quote.gif --> manufactura.home.pl /p-pl/templates/xandred/images/lang_polish icon_quote.gif
2006.03.20 23:57 B C:\Documents and Settings\manufactura\Pulpit\template\ttt\xandred\images\lang_polish\icon_search.gif --> manufactura.home.pl /p-pl/templates/xandred/images/lang_polish icon_search.gif
2006.03.20 23:57 B C:\Documents and Settings\manufactura\Pulpit\template\ttt\xandred\images\lang_polish\icon_tlen.gif --> manufactura.home.pl /p-pl/templates/xandred/images/lang_polish icon_tlen.gif
2006.03.20 23:57 B C:\Documents and Settings\manufactura\Pulpit\template\ttt\xandred\images\lang_polish\icon_www.gif --> manufactura.home.pl /p-pl/templates/xandred/images/lang_polish icon_www.gif
2006.03.20 23:57 B C:\Documents and Settings\manufactura\Pulpit\template\ttt\xandred\images\lang_polish\icon_yim.gif --> manufactura.home.pl /p-pl/templates/xandred/images/lang_polish icon_yim.gif
2006.03.20 23:57 B C:\Documents and Settings\manufactura\Pulpit\template\ttt\xandred\images\lang_polish\msg_newpost.gif --> manufactura.home.pl /p-pl/templates/xandred/images/lang_polish msg_newpost.gif
2006.03.20 23:57 B C:\Documents and Settings\manufactura\Pulpit\template\ttt\xandred\images\lang_polish\pomogl.gif --> manufactura.home.pl /p-pl/templates/xandred/images/lang_polish pomogl.gif
2006.03.20 23:57 B C:\Documents and Settings\manufactura\Pulpit\template\ttt\xandred\images\lang_polish\pomogla.gif --> manufactura.home.pl /p-pl/templates/xandred/images/lang_polish pomogla.gif
2006.03.20 23:57 B C:\Documents and Settings\manufactura\Pulpit\template\ttt\xandred\images\lang_polish\post.gif --> manufactura.home.pl /p-pl/templates/xandred/images/lang_polish post.gif
2006.03.20 23:57 B C:\Documents and Settings\manufactura\Pulpit\template\ttt\xandred\images\lang_polish\reply-locked.gif --> manufactura.home.pl /p-pl/templates/xandred/images/lang_polish reply-locked.gif
2006.03.20 23:57 B C:\Documents and Settings\manufactura\Pulpit\template\ttt\xandred\images\lang_polish\reply.gif --> manufactura.home.pl /p-pl/templates/xandred/images/lang_polish reply.gif
2006.03.20 23:57 B C:\Documents and Settings\manufactura\Pulpit\template\ttt\xandred\images\lang_polish\reply_post.gif --> manufactura.home.pl /p-pl/templates/xandred/images/lang_polish reply_post.gif
2006.03.20 23:57 B C:\Documents and Settings\manufactura\Pulpit\template\ttt\xandred\images\lang_polish\Thumbs.db --> manufactura.home.pl /p-pl/templates/xandred/images/lang_polish Thumbs.db
