2006.03.20 23:57 B C:\Documents and Settings\manufactura\Pulpit\template\ttt\xandred\images\lang_english\icon_aim.gif --> manufactura.home.pl /p-pl/templates/xandred/images/lang_english icon_aim.gif
2006.03.20 23:57 B C:\Documents and Settings\manufactura\Pulpit\template\ttt\xandred\images\lang_english\icon_edit.gif --> manufactura.home.pl /p-pl/templates/xandred/images/lang_english icon_edit.gif
2006.03.20 23:57 B C:\Documents and Settings\manufactura\Pulpit\template\ttt\xandred\images\lang_english\icon_email.gif --> manufactura.home.pl /p-pl/templates/xandred/images/lang_english icon_email.gif
2006.03.20 23:57 B C:\Documents and Settings\manufactura\Pulpit\template\ttt\xandred\images\lang_english\icon_gadu.gif --> manufactura.home.pl /p-pl/templates/xandred/images/lang_english icon_gadu.gif
2006.03.20 23:57 B C:\Documents and Settings\manufactura\Pulpit\template\ttt\xandred\images\lang_english\icon_icq_add.gif --> manufactura.home.pl /p-pl/templates/xandred/images/lang_english icon_icq_add.gif
2006.03.20 23:57 B C:\Documents and Settings\manufactura\Pulpit\template\ttt\xandred\images\lang_english\icon_ignore.gif --> manufactura.home.pl /p-pl/templates/xandred/images/lang_english icon_ignore.gif
2006.03.20 23:57 B C:\Documents and Settings\manufactura\Pulpit\template\ttt\xandred\images\lang_english\icon_ip.gif --> manufactura.home.pl /p-pl/templates/xandred/images/lang_english icon_ip.gif
2006.03.20 23:57 B C:\Documents and Settings\manufactura\Pulpit\template\ttt\xandred\images\lang_english\icon_msnm.gif --> manufactura.home.pl /p-pl/templates/xandred/images/lang_english icon_msnm.gif
2006.03.20 23:57 B C:\Documents and Settings\manufactura\Pulpit\template\ttt\xandred\images\lang_english\icon_pm.gif --> manufactura.home.pl /p-pl/templates/xandred/images/lang_english icon_pm.gif
2006.03.20 23:57 B C:\Documents and Settings\manufactura\Pulpit\template\ttt\xandred\images\lang_english\icon_profile.gif --> manufactura.home.pl /p-pl/templates/xandred/images/lang_english icon_profile.gif
2006.03.20 23:57 B C:\Documents and Settings\manufactura\Pulpit\template\ttt\xandred\images\lang_english\icon_quote.gif --> manufactura.home.pl /p-pl/templates/xandred/images/lang_english icon_quote.gif
2006.03.20 23:57 B C:\Documents and Settings\manufactura\Pulpit\template\ttt\xandred\images\lang_english\icon_search.gif --> manufactura.home.pl /p-pl/templates/xandred/images/lang_english icon_search.gif
2006.03.20 23:57 B C:\Documents and Settings\manufactura\Pulpit\template\ttt\xandred\images\lang_english\icon_tlen.gif --> manufactura.home.pl /p-pl/templates/xandred/images/lang_english icon_tlen.gif
2006.03.20 23:57 B C:\Documents and Settings\manufactura\Pulpit\template\ttt\xandred\images\lang_english\icon_www.gif --> manufactura.home.pl /p-pl/templates/xandred/images/lang_english icon_www.gif
2006.03.20 23:57 B C:\Documents and Settings\manufactura\Pulpit\template\ttt\xandred\images\lang_english\icon_yim.gif --> manufactura.home.pl /p-pl/templates/xandred/images/lang_english icon_yim.gif
2006.03.20 23:57 B C:\Documents and Settings\manufactura\Pulpit\template\ttt\xandred\images\lang_english\msg_newpost.gif --> manufactura.home.pl /p-pl/templates/xandred/images/lang_english msg_newpost.gif
2006.03.20 23:57 B C:\Documents and Settings\manufactura\Pulpit\template\ttt\xandred\images\lang_english\pomogl.gif --> manufactura.home.pl /p-pl/templates/xandred/images/lang_english pomogl.gif
2006.03.20 23:57 B C:\Documents and Settings\manufactura\Pulpit\template\ttt\xandred\images\lang_english\pomogla.gif --> manufactura.home.pl /p-pl/templates/xandred/images/lang_english pomogla.gif
2006.03.20 23:57 B C:\Documents and Settings\manufactura\Pulpit\template\ttt\xandred\images\lang_english\post.gif --> manufactura.home.pl /p-pl/templates/xandred/images/lang_english post.gif
2006.03.20 23:57 B C:\Documents and Settings\manufactura\Pulpit\template\ttt\xandred\images\lang_english\reply-locked.gif --> manufactura.home.pl /p-pl/templates/xandred/images/lang_english reply-locked.gif
2006.03.20 23:57 B C:\Documents and Settings\manufactura\Pulpit\template\ttt\xandred\images\lang_english\reply.gif --> manufactura.home.pl /p-pl/templates/xandred/images/lang_english reply.gif
2006.03.20 23:57 B C:\Documents and Settings\manufactura\Pulpit\template\ttt\xandred\images\lang_english\reply_post.gif --> manufactura.home.pl /p-pl/templates/xandred/images/lang_english reply_post.gif
2006.03.20 23:57 B C:\Documents and Settings\manufactura\Pulpit\template\ttt\xandred\images\lang_english\Thumbs.db --> manufactura.home.pl /p-pl/templates/xandred/images/lang_english Thumbs.db
